#-----------------------------------------------------------
# Vivado v2019.1 (64-bit)
# SW Build 2552052 on Fri May 24 14:49:42 MDT 2019
# IP Build 2548770 on Fri May 24 18:01:18 MDT 2019
# Start of session at: Tue Jul 23 18:58:13 2024
# Process ID: 31816
# Current directory: C:/project/vivado/6.111.2
# Command line: vivado.exe -gui_launcher_event rodinguilauncherevent19956 C:\project\vivado\6.111.2\6.111.2.xpr
# Log file: C:/project/vivado/6.111.2/vivado.log
# Journal file: C:/project/vivado/6.111.2\vivado.jou
#-----------------------------------------------------------
start_gui
open_project C:/project/vivado/6.111.2/6.111.2.xpr
WARNING: [Board 49-91] Board repository path 'C:/Users/Bunakov' does not exist, it will not be used to search board files.
WARNING: [Board 49-91] Board repository path 'Egor/AppData/Roaming/Xilinx/Vivado/2019.1/xhub/board_store' does not exist, it will not be used to search board files.
WARNING: [Board 49-91] Board repository path 'C:/Users/Bunakov' does not exist, it will not be used to search board files.
WARNING: [Board 49-91] Board repository path 'C:/Users/Bunakov' does not exist, it will not be used to search board files.
WARNING: [Board 49-91] Board repository path 'Egor/AppData/Roaming/Xilinx/Vivado/Egor/AppData/Roaming/Xilinx/Vivado/2019.1/xhub/board_store' does not exist, it will not be used to search board files.
WARNING: [Board 49-91] Board repository path 'C:/Users/Bunakov' does not exist, it will not be used to search board files.
WARNING: [Board 49-91] Board repository path 'Egor/AppData/Roaming/Xilinx/Vivado/Egor/AppData/Roaming/Xilinx/Vivado/{C:/Users/Bunakov' does not exist, it will not be used to search board files.
WARNING: [Board 49-91] Board repository path 'C:/Users/Bunakov' does not exist, it will not be used to search board files.
WARNING: [Board 49-91] Board repository path 'Egor/AppData/Roaming/Xilinx/Vivado/Egor/AppData/Roaming/Xilinx/Vivado/Egor/AppData/Roaming/Xilinx/Vivado/2019.1/xhub/board_store}' does not exist, it will not be used to search board files.
Scanning sources...
Finished scanning sources
WARNING: [filemgmt 56-3] Board Part Repository Path: Could not find the directory 'C:/Users/Bunakov'.
WARNING: [filemgmt 56-3] Board Part Repository Path: Could not find the directory 'C:/Users/Bunakov Egor/AppData/Roaming/Xilinx/Vivado/Egor/AppData/Roaming/Xilinx/Vivado/2019.1/xhub/board_store'.
WARNING: [filemgmt 56-3] Board Part Repository Path: Could not find the directory 'C:/Users/Bunakov'.
WARNING: [filemgmt 56-3] Board Part Repository Path: Could not find the directory 'C:/Users/Bunakov'.
WARNING: [filemgmt 56-3] Board Part Repository Path: Could not find the directory 'C:/Users/Bunakov Egor/AppData/Roaming/Xilinx/Vivado/Egor/AppData/Roaming/Xilinx/Vivado/Egor/AppData/Roaming/Xilinx/Vivado/2019.1/xhub/board_store'.
WARNING: [filemgmt 56-3] Board Part Repository Path: Could not find the directory 'C:/Users/Bunakov'.
WARNING: [filemgmt 56-3] Board Part Repository Path: Could not find the directory 'C:/Users/Bunakov Egor/AppData/Roaming/Xilinx/Vivado/Egor/AppData/Roaming/Xilinx/Vivado/Egor/AppData/Roaming/Xilinx/Vivado/{C:/Users/Bunakov'.
WARNING: [filemgmt 56-3] Board Part Repository Path: Could not find the directory 'C:/Users/Bunakov'.
WARNING: [filemgmt 56-3] Board Part Repository Path: Could not find the directory 'C:/Users/Bunakov Egor/AppData/Roaming/Xilinx/Vivado/Egor/AppData/Roaming/Xilinx/Vivado/Egor/AppData/Roaming/Xilinx/Vivado/Egor/AppData/Roaming/Xilinx/Vivado/2019.1/xhub/board_store}'.
INFO: [IP_Flow 19-234] Refreshing IP repositories
INFO: [IP_Flow 19-1704] No user IP repositories specified
INFO: [IP_Flow 19-2313] Loaded Vivado IP repository 'C:/Xilinx/Vivado/2019.1/data/ip'.
open_project: Time (s): cpu = 00:00:18 ; elapsed = 00:00:10 . Memory (MB): peak = 895.727 ; gain = 213.098
update_compile_order -fileset sources_1
open_hw
connect_hw_server
INFO: [Labtools 27-2285] Connecting to hw_server url TCP:localhost:3121
INFO: [Labtools 27-2222] Launching hw_server...
INFO: [Labtools 27-2221] Launch Output:

****** Xilinx hw_server v2019.1
  **** Build date : May 24 2019 at 15:13:31
    ** Copyright 1986-2019 Xilinx, Inc. All Rights Reserved.


open_hw_target
INFO: [Labtoolstcl 44-466] Opening hw_target localhost:3121/xilinx_tcf/Digilent/210292744311A
open_hw_target: Time (s): cpu = 00:00:09 ; elapsed = 00:00:09 . Memory (MB): peak = 2013.102 ; gain = 1105.516
set_property PROGRAM.FILE {C:/project/vivado/6.111.2/6.111.2.runs/impl_1/top_level.bit} [get_hw_devices xc7a100t_0]
current_hw_device [get_hw_devices xc7a100t_0]
refresh_hw_device -update_hw_probes false [lindex [get_hw_devices xc7a100t_0] 0]
INFO: [Labtools 27-1434] Device xc7a100t (JTAG device index = 0) is programmed with a design that has no supported debug core(s) in it.
set_property PROBES.FILE {} [get_hw_devices xc7a100t_0]
set_property FULL_PROBES.FILE {} [get_hw_devices xc7a100t_0]
set_property PROGRAM.FILE {C:/project/vivado/6.111.2/6.111.2.runs/impl_1/top_level.bit} [get_hw_devices xc7a100t_0]
program_hw_devices [get_hw_devices xc7a100t_0]
INFO: [Labtools 27-3164] End of startup status: HIGH
refresh_hw_device [lindex [get_hw_devices xc7a100t_0] 0]
INFO: [Labtools 27-1434] Device xc7a100t (JTAG device index = 0) is programmed with a design that has no supported debug core(s) in it.
open_project C:/project/vivado/6.111.2.2/6.111.2.2.xpr
Scanning sources...
Finished scanning sources
WARNING: [filemgmt 56-3] Board Part Repository Path: Could not find the directory 'C:/Users/Bunakov'.
WARNING: [filemgmt 56-3] Board Part Repository Path: Could not find the directory 'C:/Users/Bunakov Egor/AppData/Roaming/Xilinx/Vivado/Egor/AppData/Roaming/Xilinx/Vivado/2019.1/xhub/board_store'.
WARNING: [filemgmt 56-3] Board Part Repository Path: Could not find the directory 'C:/Users/Bunakov'.
WARNING: [filemgmt 56-3] Board Part Repository Path: Could not find the directory 'C:/Users/Bunakov'.
WARNING: [filemgmt 56-3] Board Part Repository Path: Could not find the directory 'C:/Users/Bunakov Egor/AppData/Roaming/Xilinx/Vivado/Egor/AppData/Roaming/Xilinx/Vivado/Egor/AppData/Roaming/Xilinx/Vivado/2019.1/xhub/board_store'.
WARNING: [filemgmt 56-3] Board Part Repository Path: Could not find the directory 'C:/Users/Bunakov'.
WARNING: [filemgmt 56-3] Board Part Repository Path: Could not find the directory 'C:/Users/Bunakov Egor/AppData/Roaming/Xilinx/Vivado/Egor/AppData/Roaming/Xilinx/Vivado/Egor/AppData/Roaming/Xilinx/Vivado/{C:/Users/Bunakov'.
WARNING: [filemgmt 56-3] Board Part Repository Path: Could not find the directory 'C:/Users/Bunakov'.
WARNING: [filemgmt 56-3] Board Part Repository Path: Could not find the directory 'C:/Users/Bunakov Egor/AppData/Roaming/Xilinx/Vivado/Egor/AppData/Roaming/Xilinx/Vivado/Egor/AppData/Roaming/Xilinx/Vivado/Egor/AppData/Roaming/Xilinx/Vivado/2019.1/xhub/board_store}'.
INFO: [IP_Flow 19-234] Refreshing IP repositories
INFO: [IP_Flow 19-1704] No user IP repositories specified
INFO: [IP_Flow 19-2313] Loaded Vivado IP repository 'C:/Xilinx/Vivado/2019.1/data/ip'.
open_project: Time (s): cpu = 00:00:12 ; elapsed = 00:00:06 . Memory (MB): peak = 2077.723 ; gain = 22.301
current_project 6.111.2
close_project
update_compile_order -fileset sources_1
open_hw
connect_hw_server
INFO: [Labtools 27-2285] Connecting to hw_server url TCP:localhost:3121
INFO: [Labtools 27-2222] Launching hw_server...
INFO: [Labtools 27-2221] Launch Output:

****** Xilinx hw_server v2019.1
  **** Build date : May 24 2019 at 15:13:31
    ** Copyright 1986-2019 Xilinx, Inc. All Rights Reserved.


open_hw_target
INFO: [Labtoolstcl 44-466] Opening hw_target localhost:3121/xilinx_tcf/Digilent/210292744311A
set_property PROGRAM.FILE {C:/project/vivado/6.111.2.2/6.111.2.2.runs/impl_1/top_level.bit} [get_hw_devices xc7a100t_0]
current_hw_device [get_hw_devices xc7a100t_0]
refresh_hw_device -update_hw_probes false [lindex [get_hw_devices xc7a100t_0] 0]
INFO: [Labtools 27-1434] Device xc7a100t (JTAG device index = 0) is programmed with a design that has no supported debug core(s) in it.
set_property PROBES.FILE {} [get_hw_devices xc7a100t_0]
set_property FULL_PROBES.FILE {} [get_hw_devices xc7a100t_0]
set_property PROGRAM.FILE {C:/project/vivado/6.111.2.2/6.111.2.2.runs/impl_1/top_level.bit} [get_hw_devices xc7a100t_0]
program_hw_devices [get_hw_devices xc7a100t_0]
INFO: [Labtools 27-3164] End of startup status: HIGH
refresh_hw_device [lindex [get_hw_devices xc7a100t_0] 0]
INFO: [Labtools 27-1434] Device xc7a100t (JTAG device index = 0) is programmed with a design that has no supported debug core(s) in it.
ERROR: [Labtoolstcl 44-513] HW Target shutdown. Closing target: localhost:3121/xilinx_tcf/Digilent/210292744311A
exit
INFO: [Common 17-206] Exiting Vivado at Tue Jul 23 19:12:11 2024...
