
*** Running vivado
    with args -log leds.vds -m64 -product Vivado -mode batch -messageDb vivado.pb -notrace -source leds.tcl


****** Vivado v2019.1 (64-bit)
  **** SW Build 2552052 on Fri May 24 14:49:42 MDT 2019
  **** IP Build 2548770 on Fri May 24 18:01:18 MDT 2019
    ** Copyright 1986-2019 Xilinx, Inc. All Rights Reserved.

source leds.tcl -notrace
Command: synth_design -top leds -part xc7a100tcsg324-1
Starting synth_design
Attempting to get a license for feature 'Synthesis' and/or device 'xc7a100t'
INFO: [Common 17-349] Got license for feature 'Synthesis' and/or device 'xc7a100t'
INFO: [Device 21-403] Loading part xc7a100tcsg324-1
INFO: Launching helper process for spawning children vivado processes
INFO: Helper process launched with PID 6020 
---------------------------------------------------------------------------------
Starting RTL Elaboration : Time (s): cpu = 00:00:03 ; elapsed = 00:00:03 . Memory (MB): peak = 812.211 ; gain = 178.859
---------------------------------------------------------------------------------
INFO: [Synth 8-6157] synthesizing module 'leds' [C:/project/vivado/6.111.1/rtl/leds.sv:1]
INFO: [Synth 8-6157] synthesizing module 'bin_to_seven_seg' [C:/project/vivado/6.111.1/6.111.1.srcs/sources_1/new/bin_to_seven_seg.sv:23]
INFO: [Synth 8-6155] done synthesizing module 'bin_to_seven_seg' (1#1) [C:/project/vivado/6.111.1/6.111.1.srcs/sources_1/new/bin_to_seven_seg.sv:23]
WARNING: [Synth 8-3848] Net DP in module/entity leds does not have driver. [C:/project/vivado/6.111.1/rtl/leds.sv:11]
INFO: [Synth 8-6155] done synthesizing module 'leds' (2#1) [C:/project/vivado/6.111.1/rtl/leds.sv:1]
WARNING: [Synth 8-3917] design leds has port AN[7] driven by constant 0
WARNING: [Synth 8-3917] design leds has port AN[6] driven by constant 0
WARNING: [Synth 8-3917] design leds has port AN[5] driven by constant 0
WARNING: [Synth 8-3917] design leds has port AN[4] driven by constant 0
WARNING: [Synth 8-3917] design leds has port AN[3] driven by constant 0
WARNING: [Synth 8-3917] design leds has port AN[2] driven by constant 0
WARNING: [Synth 8-3917] design leds has port AN[1] driven by constant 0
WARNING: [Synth 8-3917] design leds has port AN[0] driven by constant 0
WARNING: [Synth 8-3331] design leds has unconnected port DP
---------------------------------------------------------------------------------
Finished RTL Elaboration : Time (s): cpu = 00:00:04 ; elapsed = 00:00:04 . Memory (MB): peak = 875.418 ; gain = 242.066
---------------------------------------------------------------------------------

Report Check Netlist: 
+------+------------------+-------+---------+-------+------------------+
|      |Item              |Errors |Warnings |Status |Description       |
+------+------------------+-------+---------+-------+------------------+
|1     |multi_driven_nets |      0|        0|Passed |Multi driven nets |
+------+------------------+-------+---------+-------+------------------+
---------------------------------------------------------------------------------
Start Handling Custom Attributes
---------------------------------------------------------------------------------
---------------------------------------------------------------------------------
Finished Handling Custom Attributes : Time (s): cpu = 00:00:04 ; elapsed = 00:00:04 . Memory (MB): peak = 875.418 ; gain = 242.066
---------------------------------------------------------------------------------
---------------------------------------------------------------------------------
Finished RTL Optimization Phase 1 : Time (s): cpu = 00:00:04 ; elapsed = 00:00:04 . Memory (MB): peak = 875.418 ; gain = 242.066
---------------------------------------------------------------------------------
INFO: [Project 1-570] Preparing netlist for logic optimization

Processing XDC Constraints
Initializing timing engine
Parsing XDC File [C:/project/vivado/6.111.1/constr/constr.xdc]
WARNING: [Vivado 12-584] No ports matched 'CLK100MHZ'. [C:/project/vivado/6.111.1/constr/constr.xdc:7]
CRITICAL WARNING: [Common 17-55] 'set_property' expects at least one object. [C:/project/vivado/6.111.1/constr/constr.xdc:7]
Resolution: If [get_<value>] was used to populate the object, check to make sure this command returns at least one valid object.
WARNING: [Vivado 12-584] No ports matched 'CLK100MHZ'. [C:/project/vivado/6.111.1/constr/constr.xdc:8]
CRITICAL WARNING: [Vivado 12-4739] create_clock:No valid object(s) found for '-objects [get_ports CLK100MHZ]'. [C:/project/vivado/6.111.1/constr/constr.xdc:8]
Resolution: Check if the specified object(s) exists in the current design. If it does, ensure that the correct design hierarchy was specified for the object. If you are working with clocks, make sure create_clock was used to create the clock object before it is referenced.
WARNING: [Vivado 12-584] No ports matched 'LED[0]'. [C:/project/vivado/6.111.1/constr/constr.xdc:32]
CRITICAL WARNING: [Common 17-55] 'set_property' expects at least one object. [C:/project/vivado/6.111.1/constr/constr.xdc:32]
Resolution: If [get_<value>] was used to populate the object, check to make sure this command returns at least one valid object.
WARNING: [Vivado 12-584] No ports matched 'LED[1]'. [C:/project/vivado/6.111.1/constr/constr.xdc:33]
CRITICAL WARNING: [Common 17-55] 'set_property' expects at least one object. [C:/project/vivado/6.111.1/constr/constr.xdc:33]
Resolution: If [get_<value>] was used to populate the object, check to make sure this command returns at least one valid object.
WARNING: [Vivado 12-584] No ports matched 'LED[2]'. [C:/project/vivado/6.111.1/constr/constr.xdc:34]
CRITICAL WARNING: [Common 17-55] 'set_property' expects at least one object. [C:/project/vivado/6.111.1/constr/constr.xdc:34]
Resolution: If [get_<value>] was used to populate the object, check to make sure this command returns at least one valid object.
WARNING: [Vivado 12-584] No ports matched 'LED[3]'. [C:/project/vivado/6.111.1/constr/constr.xdc:35]
CRITICAL WARNING: [Common 17-55] 'set_property' expects at least one object. [C:/project/vivado/6.111.1/constr/constr.xdc:35]
Resolution: If [get_<value>] was used to populate the object, check to make sure this command returns at least one valid object.
WARNING: [Vivado 12-584] No ports matched 'LED16_B'. [C:/project/vivado/6.111.1/constr/constr.xdc:50]
CRITICAL WARNING: [Common 17-55] 'set_property' expects at least one object. [C:/project/vivado/6.111.1/constr/constr.xdc:50]
Resolution: If [get_<value>] was used to populate the object, check to make sure this command returns at least one valid object.
WARNING: [Vivado 12-584] No ports matched 'LED16_G'. [C:/project/vivado/6.111.1/constr/constr.xdc:51]
CRITICAL WARNING: [Common 17-55] 'set_property' expects at least one object. [C:/project/vivado/6.111.1/constr/constr.xdc:51]
Resolution: If [get_<value>] was used to populate the object, check to make sure this command returns at least one valid object.
WARNING: [Vivado 12-584] No ports matched 'LED16_R'. [C:/project/vivado/6.111.1/constr/constr.xdc:52]
CRITICAL WARNING: [Common 17-55] 'set_property' expects at least one object. [C:/project/vivado/6.111.1/constr/constr.xdc:52]
Resolution: If [get_<value>] was used to populate the object, check to make sure this command returns at least one valid object.
WARNING: [Vivado 12-584] No ports matched 'BTNC'. [C:/project/vivado/6.111.1/constr/constr.xdc:77]
CRITICAL WARNING: [Common 17-55] 'set_property' expects at least one object. [C:/project/vivado/6.111.1/constr/constr.xdc:77]
Resolution: If [get_<value>] was used to populate the object, check to make sure this command returns at least one valid object.
WARNING: [Vivado 12-584] No ports matched 'BTNL'. [C:/project/vivado/6.111.1/constr/constr.xdc:79]
CRITICAL WARNING: [Common 17-55] 'set_property' expects at least one object. [C:/project/vivado/6.111.1/constr/constr.xdc:79]
Resolution: If [get_<value>] was used to populate the object, check to make sure this command returns at least one valid object.
WARNING: [Vivado 12-584] No ports matched 'BTNR'. [C:/project/vivado/6.111.1/constr/constr.xdc:80]
CRITICAL WARNING: [Common 17-55] 'set_property' expects at least one object. [C:/project/vivado/6.111.1/constr/constr.xdc:80]
Resolution: If [get_<value>] was used to populate the object, check to make sure this command returns at least one valid object.
Finished Parsing XDC File [C:/project/vivado/6.111.1/constr/constr.xdc]
INFO: [Project 1-236] Implementation specific constraints were found while reading constraint file [C:/project/vivado/6.111.1/constr/constr.xdc]. These constraints will be ignored for synthesis but will be used in implementation. Impacted constraints are listed in the file [.Xil/leds_propImpl.xdc].
Resolution: To avoid this warning, move constraints listed in [.Xil/leds_propImpl.xdc] to another XDC file and exclude this new file from synthesis with the used_in_synthesis property (File Properties dialog in GUI) and re-run elaboration/synthesis.
Completed Processing XDC Constraints

Netlist sorting complete. Time (s): cpu = 00:00:00 ; elapsed = 00:00:00 . Memory (MB): peak = 971.125 ; gain = 0.000
INFO: [Project 1-111] Unisim Transformation Summary:
No Unisim elements were transformed.

Constraint Validation Runtime : Time (s): cpu = 00:00:00 ; elapsed = 00:00:00.002 . Memory (MB): peak = 971.125 ; gain = 0.000
---------------------------------------------------------------------------------
Finished Constraint Validation : Time (s): cpu = 00:00:09 ; elapsed = 00:00:09 . Memory (MB): peak = 971.125 ; gain = 337.773
---------------------------------------------------------------------------------
---------------------------------------------------------------------------------
Start Loading Part and Timing Information
---------------------------------------------------------------------------------
Loading part: xc7a100tcsg324-1
---------------------------------------------------------------------------------
Finished Loading Part and Timing Information : Time (s): cpu = 00:00:09 ; elapsed = 00:00:09 . Memory (MB): peak = 971.125 ; gain = 337.773
---------------------------------------------------------------------------------
---------------------------------------------------------------------------------
Start Applying 'set_property' XDC Constraints
---------------------------------------------------------------------------------
---------------------------------------------------------------------------------
Finished applying 'set_property' XDC Constraints : Time (s): cpu = 00:00:09 ; elapsed = 00:00:09 . Memory (MB): peak = 971.125 ; gain = 337.773
---------------------------------------------------------------------------------
WARNING: [Synth 8-327] inferring latch for variable 'hex_out_reg' [C:/project/vivado/6.111.1/6.111.1.srcs/sources_1/new/bin_to_seven_seg.sv:29]
---------------------------------------------------------------------------------
Finished RTL Optimization Phase 2 : Time (s): cpu = 00:00:09 ; elapsed = 00:00:09 . Memory (MB): peak = 971.125 ; gain = 337.773
---------------------------------------------------------------------------------

Report RTL Partitions: 
+-+--------------+------------+----------+
| |RTL Partition |Replication |Instances |
+-+--------------+------------+----------+
+-+--------------+------------+----------+
---------------------------------------------------------------------------------
Start RTL Component Statistics 
---------------------------------------------------------------------------------
Detailed RTL Component Info : 
+---Muxes : 
	  16 Input      7 Bit        Muxes := 1     
	   2 Input      7 Bit        Muxes := 1     
	   6 Input      7 Bit        Muxes := 1     
---------------------------------------------------------------------------------
Finished RTL Component Statistics 
---------------------------------------------------------------------------------
---------------------------------------------------------------------------------
Start RTL Hierarchical Component Statistics 
---------------------------------------------------------------------------------
Hierarchical RTL Component report 
Module bin_to_seven_seg 
Detailed RTL Component Info : 
+---Muxes : 
	  16 Input      7 Bit        Muxes := 1     
	   2 Input      7 Bit        Muxes := 1     
	   6 Input      7 Bit        Muxes := 1     
---------------------------------------------------------------------------------
Finished RTL Hierarchical Component Statistics
---------------------------------------------------------------------------------
---------------------------------------------------------------------------------
Start Part Resource Summary
---------------------------------------------------------------------------------
Part Resources:
DSPs: 240 (col length:80)
BRAMs: 270 (col length: RAMB18 80 RAMB36 40)
---------------------------------------------------------------------------------
Finished Part Resource Summary
---------------------------------------------------------------------------------
---------------------------------------------------------------------------------
Start Cross Boundary and Area Optimization
---------------------------------------------------------------------------------
Warning: Parallel synthesis criteria is not met 
WARNING: [Synth 8-3917] design leds has port AN[7] driven by constant 0
WARNING: [Synth 8-3917] design leds has port AN[6] driven by constant 0
WARNING: [Synth 8-3917] design leds has port AN[5] driven by constant 0
WARNING: [Synth 8-3917] design leds has port AN[4] driven by constant 0
WARNING: [Synth 8-3917] design leds has port AN[3] driven by constant 0
WARNING: [Synth 8-3917] design leds has port AN[2] driven by constant 0
WARNING: [Synth 8-3917] design leds has port AN[1] driven by constant 0
WARNING: [Synth 8-3917] design leds has port AN[0] driven by constant 0
WARNING: [Synth 8-3331] design leds has unconnected port DP
---------------------------------------------------------------------------------
Finished Cross Boundary and Area Optimization : Time (s): cpu = 00:00:10 ; elapsed = 00:00:10 . Memory (MB): peak = 971.125 ; gain = 337.773
---------------------------------------------------------------------------------

Report RTL Partitions: 
+-+--------------+------------+----------+
| |RTL Partition |Replication |Instances |
+-+--------------+------------+----------+
+-+--------------+------------+----------+
---------------------------------------------------------------------------------
Start Applying XDC Timing Constraints
---------------------------------------------------------------------------------
---------------------------------------------------------------------------------
Finished Applying XDC Timing Constraints : Time (s): cpu = 00:00:16 ; elapsed = 00:00:16 . Memory (MB): peak = 971.125 ; gain = 337.773
---------------------------------------------------------------------------------
---------------------------------------------------------------------------------
Start Timing Optimization
---------------------------------------------------------------------------------
---------------------------------------------------------------------------------
Finished Timing Optimization : Time (s): cpu = 00:00:16 ; elapsed = 00:00:16 . Memory (MB): peak = 971.125 ; gain = 337.773
---------------------------------------------------------------------------------

Report RTL Partitions: 
+-+--------------+------------+----------+
| |RTL Partition |Replication |Instances |
+-+--------------+------------+----------+
+-+--------------+------------+----------+
---------------------------------------------------------------------------------
Start Technology Mapping
---------------------------------------------------------------------------------
---------------------------------------------------------------------------------
Finished Technology Mapping : Time (s): cpu = 00:00:16 ; elapsed = 00:00:16 . Memory (MB): peak = 975.098 ; gain = 341.746
---------------------------------------------------------------------------------

Report RTL Partitions: 
+-+--------------+------------+----------+
| |RTL Partition |Replication |Instances |
+-+--------------+------------+----------+
+-+--------------+------------+----------+
---------------------------------------------------------------------------------
Start IO Insertion
---------------------------------------------------------------------------------
---------------------------------------------------------------------------------
Start Flattening Before IO Insertion
---------------------------------------------------------------------------------
---------------------------------------------------------------------------------
Finished Flattening Before IO Insertion
---------------------------------------------------------------------------------
---------------------------------------------------------------------------------
Start Final Netlist Cleanup
---------------------------------------------------------------------------------
---------------------------------------------------------------------------------
Finished Final Netlist Cleanup
---------------------------------------------------------------------------------
---------------------------------------------------------------------------------
Finished IO Insertion : Time (s): cpu = 00:00:17 ; elapsed = 00:00:18 . Memory (MB): peak = 990.863 ; gain = 357.512
---------------------------------------------------------------------------------

Report Check Netlist: 
+------+------------------+-------+---------+-------+------------------+
|      |Item              |Errors |Warnings |Status |Description       |
+------+------------------+-------+---------+-------+------------------+
|1     |multi_driven_nets |      0|        0|Passed |Multi driven nets |
+------+------------------+-------+---------+-------+------------------+
---------------------------------------------------------------------------------
Start Renaming Generated Instances
---------------------------------------------------------------------------------
---------------------------------------------------------------------------------
Finished Renaming Generated Instances : Time (s): cpu = 00:00:17 ; elapsed = 00:00:18 . Memory (MB): peak = 990.863 ; gain = 357.512
---------------------------------------------------------------------------------

Report RTL Partitions: 
+-+--------------+------------+----------+
| |RTL Partition |Replication |Instances |
+-+--------------+------------+----------+
+-+--------------+------------+----------+
---------------------------------------------------------------------------------
Start Rebuilding User Hierarchy
---------------------------------------------------------------------------------
---------------------------------------------------------------------------------
Finished Rebuilding User Hierarchy : Time (s): cpu = 00:00:17 ; elapsed = 00:00:18 . Memory (MB): peak = 990.863 ; gain = 357.512
---------------------------------------------------------------------------------
---------------------------------------------------------------------------------
Start Renaming Generated Ports
---------------------------------------------------------------------------------
---------------------------------------------------------------------------------
Finished Renaming Generated Ports : Time (s): cpu = 00:00:17 ; elapsed = 00:00:18 . Memory (MB): peak = 990.863 ; gain = 357.512
---------------------------------------------------------------------------------
---------------------------------------------------------------------------------
Start Handling Custom Attributes
---------------------------------------------------------------------------------
---------------------------------------------------------------------------------
Finished Handling Custom Attributes : Time (s): cpu = 00:00:17 ; elapsed = 00:00:18 . Memory (MB): peak = 990.863 ; gain = 357.512
---------------------------------------------------------------------------------
---------------------------------------------------------------------------------
Start Renaming Generated Nets
---------------------------------------------------------------------------------
---------------------------------------------------------------------------------
Finished Renaming Generated Nets : Time (s): cpu = 00:00:17 ; elapsed = 00:00:18 . Memory (MB): peak = 990.863 ; gain = 357.512
---------------------------------------------------------------------------------
---------------------------------------------------------------------------------
Start Writing Synthesis Report
---------------------------------------------------------------------------------

Report BlackBoxes: 
+-+--------------+----------+
| |BlackBox name |Instances |
+-+--------------+----------+
+-+--------------+----------+

Report Cell Usage: 
+------+------+------+
|      |Cell  |Count |
+------+------+------+
|1     |LUT1  |     7|
|2     |LUT4  |    12|
|3     |LDC   |     2|
|4     |LDP   |     5|
|5     |IBUF  |     4|
|6     |OBUF  |    15|
|7     |OBUFT |     1|
+------+------+------+

Report Instance Areas: 
+------+-------------+-----------------+------+
|      |Instance     |Module           |Cells |
+------+-------------+-----------------+------+
|1     |top          |                 |    46|
|2     |  my_convert |bin_to_seven_seg |    26|
+------+-------------+-----------------+------+
---------------------------------------------------------------------------------
Finished Writing Synthesis Report : Time (s): cpu = 00:00:17 ; elapsed = 00:00:18 . Memory (MB): peak = 990.863 ; gain = 357.512
---------------------------------------------------------------------------------
Synthesis finished with 0 errors, 0 critical warnings and 10 warnings.
Synthesis Optimization Runtime : Time (s): cpu = 00:00:11 ; elapsed = 00:00:16 . Memory (MB): peak = 990.863 ; gain = 261.805
Synthesis Optimization Complete : Time (s): cpu = 00:00:17 ; elapsed = 00:00:18 . Memory (MB): peak = 990.863 ; gain = 357.512
INFO: [Project 1-571] Translating synthesized netlist
INFO: [Netlist 29-17] Analyzing 7 Unisim elements for replacement
INFO: [Netlist 29-28] Unisim Transformation completed in 0 CPU seconds
INFO: [Project 1-570] Preparing netlist for logic optimization
INFO: [Opt 31-138] Pushed 0 inverter(s) to 0 load pin(s).
Netlist sorting complete. Time (s): cpu = 00:00:00 ; elapsed = 00:00:00 . Memory (MB): peak = 1012.914 ; gain = 0.000
INFO: [Project 1-111] Unisim Transformation Summary:
  A total of 7 instances were transformed.
  LDC => LDCE: 2 instances
  LDP => LDPE: 5 instances

INFO: [Common 17-83] Releasing license: Synthesis
16 Infos, 32 Warnings, 12 Critical Warnings and 0 Errors encountered.
synth_design completed successfully
synth_design: Time (s): cpu = 00:00:22 ; elapsed = 00:00:24 . Memory (MB): peak = 1012.914 ; gain = 656.645
Netlist sorting complete. Time (s): cpu = 00:00:00 ; elapsed = 00:00:00 . Memory (MB): peak = 1012.914 ; gain = 0.000
WARNING: [Constraints 18-5210] No constraints selected for write.
Resolution: This message can indicate that there are no constraints for the design, or it can indicate that the used_in flags are set such that the constraints are ignored. This later case is used when running synth_design to not write synthesis constraints to the resulting checkpoint. Instead, project constraints are read when the synthesized design is opened.
INFO: [Common 17-1381] The checkpoint 'C:/project/vivado/6.111.1/6.111.1.runs/synth_1/leds.dcp' has been generated.
INFO: [runtcl-4] Executing : report_utilization -file leds_utilization_synth.rpt -pb leds_utilization_synth.pb
INFO: [Common 17-206] Exiting Vivado at Sun Jun  9 22:05:50 2024...
