#-----------------------------------------------------------
# Vivado v2019.1 (64-bit)
# SW Build 2552052 on Fri May 24 14:49:42 MDT 2019
# IP Build 2548770 on Fri May 24 18:01:18 MDT 2019
# Start of session at: Tue Jun  4 15:53:13 2024
# Process ID: 28404
# Current directory: C:/Users/deneg/project/vivado/CH1
# Command line: vivado.exe -gui_launcher_event rodinguilauncherevent22092 C:\Users\deneg\project\vivado\CH1\CH1.xpr
# Log file: C:/Users/deneg/project/vivado/CH1/vivado.log
# Journal file: C:/Users/deneg/project/vivado/CH1\vivado.jou
#-----------------------------------------------------------
start_gui
open_project C:/Users/deneg/project/vivado/CH1/CH1.xpr
Scanning sources...
Finished scanning sources
WARNING: [filemgmt 56-3] Board Part Repository Path: Could not find the directory 'C:/.Xilinx/Vivado/2020.1/xhub/board_store/xilinx_board_store'.
WARNING: [filemgmt 56-3] Board Part Repository Path: Could not find the directory 'C:/.Xilinx/Vivado/2019.2/xhub/board_store'.
INFO: [IP_Flow 19-234] Refreshing IP repositories
INFO: [IP_Flow 19-1704] No user IP repositories specified
INFO: [IP_Flow 19-2313] Loaded Vivado IP repository 'C:/Xilinx/Vivado/2019.1/data/ip'.
update_compile_order -fileset sources_1
exit
INFO: [Common 17-206] Exiting Vivado at Tue Jun  4 19:52:29 2024...
