#-----------------------------------------------------------
# Vivado v2019.1 (64-bit)
# SW Build 2552052 on Fri May 24 14:49:42 MDT 2019
# IP Build 2548770 on Fri May 24 18:01:18 MDT 2019
# Start of session at: Wed May  8 21:14:12 2024
# Process ID: 9520
# Current directory: C:/project/vivado/CH1
# Command line: vivado.exe -gui_launcher_event rodinguilauncherevent8684 C:\project\vivado\CH1\CH1.xpr
# Log file: C:/project/vivado/CH1/vivado.log
# Journal file: C:/project/vivado/CH1\vivado.jou
#-----------------------------------------------------------
start_gui
open_project C:/project/vivado/CH1/CH1.xpr
WARNING: [Board 49-91] Board repository path 'C:/Users/Bunakov' does not exist, it will not be used to search board files.
WARNING: [Board 49-91] Board repository path 'Egor/AppData/Roaming/Xilinx/Vivado/2019.1/xhub/board_store' does not exist, it will not be used to search board files.
WARNING: [Board 49-91] Board repository path 'C:/Users/Bunakov' does not exist, it will not be used to search board files.
WARNING: [Board 49-91] Board repository path 'C:/Users/Bunakov' does not exist, it will not be used to search board files.
WARNING: [Board 49-91] Board repository path 'Egor/AppData/Roaming/Xilinx/Vivado/Egor/AppData/Roaming/Xilinx/Vivado/2019.1/xhub/board_store' does not exist, it will not be used to search board files.
WARNING: [Board 49-91] Board repository path 'C:/Users/Bunakov' does not exist, it will not be used to search board files.
WARNING: [Board 49-91] Board repository path 'Egor/AppData/Roaming/Xilinx/Vivado/Egor/AppData/Roaming/Xilinx/Vivado/{C:/Users/Bunakov' does not exist, it will not be used to search board files.
WARNING: [Board 49-91] Board repository path 'C:/Users/Bunakov' does not exist, it will not be used to search board files.
WARNING: [Board 49-91] Board repository path 'Egor/AppData/Roaming/Xilinx/Vivado/Egor/AppData/Roaming/Xilinx/Vivado/Egor/AppData/Roaming/Xilinx/Vivado/2019.1/xhub/board_store}' does not exist, it will not be used to search board files.
Scanning sources...
Finished scanning sources
WARNING: [filemgmt 56-3] Board Part Repository Path: Could not find the directory 'C:/../../.Xilinx/Vivado/2020.1/xhub/board_store/xilinx_board_store'.
WARNING: [filemgmt 56-3] Board Part Repository Path: Could not find the directory 'C:/../../.Xilinx/Vivado/2019.2/xhub/board_store'.
INFO: [IP_Flow 19-234] Refreshing IP repositories
INFO: [IP_Flow 19-1704] No user IP repositories specified
INFO: [IP_Flow 19-2313] Loaded Vivado IP repository 'C:/Xilinx/Vivado/2019.1/data/ip'.
opopen_project: Time (s): cpu = 00:00:25 ; elapsed = 00:00:10 . Memory (MB): peak = 829.914 ; gain = 156.62uuupdate_compile_order -fileset sources_eeset_property SOURCE_SET sources_1 [get_filesets sim_1]
add_files -fileset sim_1 -norecurse C:/project/vivado/6.111.1/tb/tb.sv
update_compile_order -fileset sim_1
export_ip_user_files -of_objects  [get_files C:/project/vivado/6.111.1/tb/tb.sv] -no_script -reset -force -quiet
remove_files  -fileset sim_1 C:/project/vivado/6.111.1/tb/tb.sv
exit
INFO: [Common 17-206] Exiting Vivado at Thu May  9 13:26:53 2024...
