#-----------------------------------------------------------
# Vivado v2019.1 (64-bit)
# SW Build 2552052 on Fri May 24 14:49:42 MDT 2019
# IP Build 2548770 on Fri May 24 18:01:18 MDT 2019
# Start of session at: Sat Jun  8 16:21:39 2024
# Process ID: 16764
# Current directory: C:/project/vivado/6.111.1
# Command line: vivado.exe -gui_launcher_event rodinguilauncherevent16124 C:\project\vivado\6.111.1\6.111.1.xpr
# Log file: C:/project/vivado/6.111.1/vivado.log
# Journal file: C:/project/vivado/6.111.1\vivado.jou
#-----------------------------------------------------------
start_gui
open_project C:/project/vivado/6.111.1/6.111.1.xpr
WARNING: [Board 49-91] Board repository path 'C:/Users/Bunakov' does not exist, it will not be used to search board files.
WARNING: [Board 49-91] Board repository path 'Egor/AppData/Roaming/Xilinx/Vivado/2019.1/xhub/board_store' does not exist, it will not be used to search board files.
WARNING: [Board 49-91] Board repository path 'C:/Users/Bunakov' does not exist, it will not be used to search board files.
WARNING: [Board 49-91] Board repository path 'C:/Users/Bunakov' does not exist, it will not be used to search board files.
WARNING: [Board 49-91] Board repository path 'Egor/AppData/Roaming/Xilinx/Vivado/Egor/AppData/Roaming/Xilinx/Vivado/2019.1/xhub/board_store' does not exist, it will not be used to search board files.
WARNING: [Board 49-91] Board repository path 'C:/Users/Bunakov' does not exist, it will not be used to search board files.
WARNING: [Board 49-91] Board repository path 'Egor/AppData/Roaming/Xilinx/Vivado/Egor/AppData/Roaming/Xilinx/Vivado/{C:/Users/Bunakov' does not exist, it will not be used to search board files.
WARNING: [Board 49-91] Board repository path 'C:/Users/Bunakov' does not exist, it will not be used to search board files.
WARNING: [Board 49-91] Board repository path 'Egor/AppData/Roaming/Xilinx/Vivado/Egor/AppData/Roaming/Xilinx/Vivado/Egor/AppData/Roaming/Xilinx/Vivado/2019.1/xhub/board_store}' does not exist, it will not be used to search board files.
INFO: [Project 1-313] Project file moved from 'C:/Users/deneg/project/vivado/6.111.1' since last save.
Scanning sources...
Finished scanning sources
WARNING: [filemgmt 56-2] Board Part Repository Path: Could not find the directory 'C:/Users/Bunakov', nor could it be found using path 'C:/Users/deneg/Users/Bunakov'.
WARNING: [filemgmt 56-2] Board Part Repository Path: Could not find the directory 'C:/Users/Bunakov Egor/AppData/Roaming/Xilinx/Vivado/Egor/AppData/Roaming/Xilinx/Vivado/2019.1/xhub/board_store', nor could it be found using path 'C:/Users/deneg/Users/Bunakov Egor/AppData/Roaming/Xilinx/Vivado/Egor/AppData/Roaming/Xilinx/Vivado/2019.1/xhub/board_store'.
WARNING: [filemgmt 56-2] Board Part Repository Path: Could not find the directory 'C:/Users/Bunakov', nor could it be found using path 'C:/Users/deneg/Users/Bunakov'.
WARNING: [filemgmt 56-2] Board Part Repository Path: Could not find the directory 'C:/Users/Bunakov', nor could it be found using path 'C:/Users/deneg/Users/Bunakov'.
WARNING: [filemgmt 56-2] Board Part Repository Path: Could not find the directory 'C:/Users/Bunakov Egor/AppData/Roaming/Xilinx/Vivado/Egor/AppData/Roaming/Xilinx/Vivado/Egor/AppData/Roaming/Xilinx/Vivado/2019.1/xhub/board_store', nor could it be found using path 'C:/Users/deneg/Users/Bunakov Egor/AppData/Roaming/Xilinx/Vivado/Egor/AppData/Roaming/Xilinx/Vivado/Egor/AppData/Roaming/Xilinx/Vivado/2019.1/xhub/board_store'.
WARNING: [filemgmt 56-2] Board Part Repository Path: Could not find the directory 'C:/Users/Bunakov', nor could it be found using path 'C:/Users/deneg/Users/Bunakov'.
WARNING: [filemgmt 56-2] Board Part Repository Path: Could not find the directory 'C:/Users/Bunakov Egor/AppData/Roaming/Xilinx/Vivado/Egor/AppData/Roaming/Xilinx/Vivado/Egor/AppData/Roaming/Xilinx/Vivado/{C:/Users/Bunakov', nor could it be found using path 'C:/Users/deneg/Users/Bunakov Egor/AppData/Roaming/Xilinx/Vivado/Egor/AppData/Roaming/Xilinx/Vivado/Egor/AppData/Roaming/Xilinx/Vivado/{C:/Users/Bunakov'.
WARNING: [filemgmt 56-2] Board Part Repository Path: Could not find the directory 'C:/Users/Bunakov', nor could it be found using path 'C:/Users/deneg/Users/Bunakov'.
WARNING: [filemgmt 56-2] Board Part Repository Path: Could not find the directory 'C:/Users/Bunakov Egor/AppData/Roaming/Xilinx/Vivado/Egor/AppData/Roaming/Xilinx/Vivado/Egor/AppData/Roaming/Xilinx/Vivado/Egor/AppData/Roaming/Xilinx/Vivado/2019.1/xhub/board_store}', nor could it be found using path 'C:/Users/deneg/Users/Bunakov Egor/AppData/Roaming/Xilinx/Vivado/Egor/AppData/Roaming/Xilinx/Vivado/Egor/AppData/Roaming/Xilinx/Vivado/Egor/AppData/Roaming/Xilinx/Vivado/2019.1/xhub/board_store}'.
INFO: [IP_Flow 19-234] Refreshing IP repositories
INFO: [IP_Flow 19-1704] No user IP repositories specified
INFO: [IP_Flow 19-2313] Loaded Vivado IP repository 'C:/Xilinx/Vivado/2019.1/data/ip'.
open_project: Time (s): cpu = 00:00:15 ; elapsed = 00:00:07 . Memory (MB): peak = 855.668 ; gain = 160.098
update_compile_order -fileset sources_1
export_ip_user_files -of_objects  [get_files C:/project/vivado/6.111.1/tb/tb.sv] -no_script -reset -force -quiet
remove_files  -fileset sim_1 C:/project/vivado/6.111.1/tb/tb.sv
file mkdir C:/project/vivado/6.111.1/6.111.1.srcs/sim_1/new
set_property SOURCE_SET sources_1 [get_filesets sim_1]
close [ open C:/project/vivado/6.111.1/6.111.1.srcs/sim_1/new/leds_tb.sv w ]
add_files -fileset sim_1 C:/project/vivado/6.111.1/6.111.1.srcs/sim_1/new/leds_tb.sv
update_compile_order -fileset sim_1
set_property top leds_tb [get_filesets sim_1]
set_property top_lib xil_defaultlib [get_filesets sim_1]
update_compile_order -fileset sim_1
